2021-05-03 02:35:21,751 - instabot version: 0.117.0 (bot) - INFO - Instabot version: 0.117.0 Started
2021-05-03 02:35:21,752 - instabot version: 0.117.0 (bot) - DEBUG - Bot imported from C:\Users\SUBHANGI RINGASIA\AppData\Local\Programs\Python\Python37-32\lib\site-packages\instabot\bot\bot.py
2021-05-03 02:35:32,438 - instabot version: 0.117.0 (api_login) - INFO - Not yet logged in starting: PRE-LOGIN FLOW!
2021-05-03 02:35:32,834 - instabot version: 0.117.0 (api) - DEBUG - POST to endpoint: accounts/get_prefill_candidates/ returned response: <Response [200]>
2021-05-03 02:35:33,205 - instabot version: 0.117.0 (api) - DEBUG - POST to endpoint: qe/sync/ returned response: <Response [200]>
2021-05-03 02:35:33,647 - instabot version: 0.117.0 (api) - DEBUG - POST to endpoint: launcher/sync/ returned response: <Response [200]>
2021-05-03 02:35:34,035 - instabot version: 0.117.0 (api) - DEBUG - POST to endpoint: accounts/contact_point_prefill/ returned response: <Response [200]>
2021-05-03 02:35:36,870 - instabot version: 0.117.0 (api) - DEBUG - POST to endpoint: accounts/login/ returned response: <Response [200]>
2021-05-03 02:35:36,871 - instabot version: 0.117.0 (api) - INFO - Logged-in successfully as 'yesswrk'!
2021-05-03 02:35:36,871 - instabot version: 0.117.0 (api_login) - INFO - LOGIN FLOW! Just logged-in: True
2021-05-03 02:35:37,254 - instabot version: 0.117.0 (api) - DEBUG - POST to endpoint: qe/sync/ returned response: <Response [200]>
2021-05-03 02:35:37,690 - instabot version: 0.117.0 (api) - DEBUG - POST to endpoint: launcher/sync/ returned response: <Response [200]>
2021-05-03 02:35:38,126 - instabot version: 0.117.0 (api) - DEBUG - GET to endpoint: zr/token/result/?device_id=android-c2746d9c4e065dd2&token_hash=&custom_device_id=android-c2746d9c4e065dd2&fetch_reason=token_expired returned response: <Response [200]>
2021-05-03 02:35:38,539 - instabot version: 0.117.0 (api) - DEBUG - GET to endpoint: multiple_accounts/get_account_family/ returned response: <Response [200]>
2021-05-03 02:35:39,035 - instabot version: 0.117.0 (api) - DEBUG - POST to endpoint: qe/sync/ returned response: <Response [200]>
2021-05-03 02:35:40,433 - instabot version: 0.117.0 (api) - DEBUG - GET to endpoint: igtv/browse_feed/?prefetch=1 returned response: <Response [200]>
2021-05-03 02:35:40,921 - instabot version: 0.117.0 (api) - DEBUG - POST to endpoint: creatives/ar_class/ returned response: <Response [200]>
2021-05-03 02:35:42,361 - instabot version: 0.117.0 (api) - DEBUG - POST to endpoint: feed/reels_tray/ returned response: <Response [200]>
2021-05-03 02:35:44,871 - instabot version: 0.117.0 (api) - DEBUG - POST to endpoint: feed/timeline/ returned response: <Response [200]>
2021-05-03 02:35:45,305 - instabot version: 0.117.0 (api) - DEBUG - GET to endpoint: media/blocked/ returned response: <Response [200]>
2021-05-03 02:35:46,456 - instabot version: 0.117.0 (api) - DEBUG - GET to endpoint: news/inbox/ returned response: <Response [200]>
2021-05-03 02:35:46,883 - instabot version: 0.117.0 (api) - DEBUG - GET to endpoint: loom/fetch_config/ returned response: <Response [200]>
2021-05-03 02:35:51,358 - instabot version: 0.117.0 (api) - DEBUG - GET to endpoint: scores/bootstrap/users/?surfaces=["autocomplete_user_list","coefficient_besties_list_ranking","coefficient_rank_recipient_user_suggestion","coefficient_ios_section_test_bootstrap_ranking","coefficient_direct_recipients_ranking_variant_2"] returned response: <Response [200]>
2021-05-03 02:35:51,804 - instabot version: 0.117.0 (api) - DEBUG - GET to endpoint: business/eligibility/get_monetization_products_eligibility_data/?product_types=branded_content returned response: <Response [200]>
2021-05-03 02:35:52,243 - instabot version: 0.117.0 (api) - DEBUG - GET to endpoint: business/branded_content/should_require_professional_account/ returned response: <Response [200]>
2021-05-03 02:35:52,671 - instabot version: 0.117.0 (api) - DEBUG - GET to endpoint: linked_accounts/get_linkage_status/ returned response: <Response [200]>
2021-05-03 02:35:53,087 - instabot version: 0.117.0 (api) - DEBUG - GET to endpoint: locations/request_country/ returned response: <Response [200]>
2021-05-03 02:35:53,528 - instabot version: 0.117.0 (api) - DEBUG - GET to endpoint: qp/get_cooldowns/?signed_body=signed_body=4b9c516a5410a3bc128e09c6104a7f042146b9c2023870560c63a43a7f66781c.4&ig_sig_key_version=4&ig_sig_key_version=4 returned response: <Response [200]>
2021-05-03 02:35:53,943 - instabot version: 0.117.0 (api) - DEBUG - GET to endpoint: users/arlink_download_info/?version_override=2.2.1 returned response: <Response [200]>
2021-05-03 02:35:55,084 - instabot version: 0.117.0 (api) - DEBUG - GET to endpoint: users/44725835547/info/ returned response: <Response [200]>
2021-05-03 02:35:55,758 - instabot version: 0.117.0 (api) - DEBUG - GET to endpoint: direct_v2/get_presence/ returned response: <Response [200]>
2021-05-03 02:35:56,903 - instabot version: 0.117.0 (api) - DEBUG - GET to endpoint: direct_v2/inbox/?visual_message_return_type=unseen&thread_message_limit=10&persistentBadging=true&limit=20 returned response: <Response [200]>
2021-05-03 02:35:57,382 - instabot version: 0.117.0 (api) - DEBUG - GET to endpoint: direct_v2/inbox/?visual_message_return_type=unseen&persistentBadging=true&limit=0 returned response: <Response [200]>
2021-05-03 02:35:57,879 - instabot version: 0.117.0 (api) - DEBUG - GET to endpoint: discover/topical_explore/?is_prefetch=true&omit_cover_media=true&use_sectional_payload=true&timezone_offset=0&session_id=f266742b-833a-49e4-8b25-b75379203ba8&include_fixed_destinations=true returned response: <Response [200]>
2021-05-03 02:35:58,307 - instabot version: 0.117.0 (api) - DEBUG - POST to endpoint: notifications/badge/ returned response: <Response [200]>
2021-05-03 02:35:58,890 - instabot version: 0.117.0 (api) - DEBUG - POST to endpoint: qp/batch_fetch/ returned response: <Response [200]>
2021-05-03 02:35:58,891 - instabot version: 0.117.0 (bot_checkpoint) - DEBUG - Loading Checkpoint file from: C:\Users\SUBHANGI RINGASIA\Documents\instapy\DM/config/yesswrk.checkpoint
2021-05-03 02:36:00,124 - instabot version: 0.117.0 (api) - DEBUG - GET to endpoint: users/R1B4Z01D/usernameinfo/ returned response: <Response [200]>
2021-05-03 02:36:01,056 - instabot version: 0.117.0 (api) - DEBUG - GET to endpoint: users/KoanMedia/usernameinfo/ returned response: <Response [200]>
2021-05-03 02:36:03,074 - instabot version: 0.117.0 (api) - DEBUG - POST to endpoint: direct_v2/threads/broadcast/text/ returned response: <Response [200]>
2021-05-03 02:36:06,076 - instabot version: 0.117.0 (bot_checkpoint) - DEBUG - Saving Checkpoint file to: C:\Users\SUBHANGI RINGASIA\Documents\instapy\DM/config/yesswrk.checkpoint
2021-05-03 02:36:06,077 - instabot version: 0.117.0 (bot) - INFO - Total messages: 1/94
2021-05-03 02:36:06,078 - instabot version: 0.117.0 (bot) - INFO - Total requests: 34
